INFO:Opened pickle config file from 'config.p':2017-10-30 21:22:23,252
INFO:all_authors now equals: ['Zergnet', 'Bob Bly', 'Gary Bencievenga', 'Gary Halbert', 'John Carlton', 'Dan Ray Bombs', 'Ray Bullet Ideas', 'Ben Settle', 'Clayton Makepeace', 'Alex Carroll']:2017-10-30 21:22:23,253
INFO:User selected Author Ray Bullet Ideas #3.  Keybinding: i.  File Name F:/Writing/Agency/Dan Ray/ray_bullet_ideas.txt by pressing i:2017-10-30 21:23:14,062
INFO:bullet number761 has been shown.:2017-10-30 21:23:14,062
INFO:User selected Author Ray Bullet Ideas #3.  Keybinding: i.  File Name F:/Writing/Agency/Dan Ray/ray_bullet_ideas.txt by pressing i:2017-10-30 21:23:37,717
INFO:bullet number835 has been shown.:2017-10-30 21:23:37,717
INFO:User selected Author Ray Bullet Ideas #3.  Keybinding: i.  File Name F:/Writing/Agency/Dan Ray/ray_bullet_ideas.txt by pressing i:2017-10-30 21:23:52,941
INFO:bullet number440 has been shown.:2017-10-30 21:23:52,941
INFO:User selected Author Ray Bullet Ideas #3.  Keybinding: i.  File Name F:/Writing/Agency/Dan Ray/ray_bullet_ideas.txt by pressing i:2017-10-30 21:24:28,469
INFO:bullet number263 has been shown.:2017-10-30 21:24:28,469
INFO:User selected Author Ray Bullet Ideas #3.  Keybinding: i.  File Name F:/Writing/Agency/Dan Ray/ray_bullet_ideas.txt by pressing i:2017-10-30 21:24:56,293
INFO:bullet number229 has been shown.:2017-10-30 21:24:56,293
INFO:User selected Author Ray Bullet Ideas #3.  Keybinding: i.  File Name F:/Writing/Agency/Dan Ray/ray_bullet_ideas.txt by pressing i:2017-10-30 21:26:07,365
INFO:bullet number296 has been shown.:2017-10-30 21:26:07,365
INFO:User selected Author Ray Bullet Ideas #3.  Keybinding: i.  File Name F:/Writing/Agency/Dan Ray/ray_bullet_ideas.txt by pressing i:2017-10-30 21:27:01,748
INFO:bullet number836 has been shown.:2017-10-30 21:27:01,749
INFO:User selected Author Ray Bullet Ideas #3.  Keybinding: i.  File Name F:/Writing/Agency/Dan Ray/ray_bullet_ideas.txt by pressing i:2017-10-30 21:27:05,813
INFO:bullet number871 has been shown.:2017-10-30 21:27:05,813
INFO:User selected Author Ray Bullet Ideas #3.  Keybinding: i.  File Name F:/Writing/Agency/Dan Ray/ray_bullet_ideas.txt by pressing i:2017-10-30 21:27:08,812
INFO:bullet number491 has been shown.:2017-10-30 21:27:08,812
INFO:User selected Author Ray Bullet Ideas #3.  Keybinding: i.  File Name F:/Writing/Agency/Dan Ray/ray_bullet_ideas.txt by pressing i:2017-10-30 21:27:39,309
INFO:bullet number595 has been shown.:2017-10-30 21:27:39,309
INFO:User selected Author Ray Bullet Ideas #3.  Keybinding: i.  File Name F:/Writing/Agency/Dan Ray/ray_bullet_ideas.txt by pressing i:2017-10-30 21:27:52,477
INFO:bullet number427 has been shown.:2017-10-30 21:27:52,477
INFO:User selected Author Ray Bullet Ideas #3.  Keybinding: i.  File Name F:/Writing/Agency/Dan Ray/ray_bullet_ideas.txt by pressing i:2017-10-30 21:27:55,597
INFO:bullet number144 has been shown.:2017-10-30 21:27:55,597
INFO:User selected Author Ray Bullet Ideas #3.  Keybinding: i.  File Name F:/Writing/Agency/Dan Ray/ray_bullet_ideas.txt by pressing i:2017-10-30 21:28:23,188
INFO:bullet number407 has been shown.:2017-10-30 21:28:23,188
INFO:User selected Author Ray Bullet Ideas #3.  Keybinding: i.  File Name F:/Writing/Agency/Dan Ray/ray_bullet_ideas.txt by pressing i:2017-10-30 21:28:27,148
INFO:bullet number256 has been shown.:2017-10-30 21:28:27,148
INFO:User selected Author Ray Bullet Ideas #3.  Keybinding: i.  File Name F:/Writing/Agency/Dan Ray/ray_bullet_ideas.txt by pressing i:2017-10-30 21:28:29,508
INFO:bullet number549 has been shown.:2017-10-30 21:28:29,509
INFO:User selected Author Ray Bullet Ideas #3.  Keybinding: i.  File Name F:/Writing/Agency/Dan Ray/ray_bullet_ideas.txt by pressing i:2017-10-30 21:29:07,027
INFO:bullet number11 has been shown.:2017-10-30 21:29:07,027
INFO:User selected Author Ray Bullet Ideas #3.  Keybinding: i.  File Name F:/Writing/Agency/Dan Ray/ray_bullet_ideas.txt by pressing i:2017-10-30 21:29:30,140
INFO:bullet number839 has been shown.:2017-10-30 21:29:30,140
INFO:User selected Author Ray Bullet Ideas #3.  Keybinding: i.  File Name F:/Writing/Agency/Dan Ray/ray_bullet_ideas.txt by pressing i:2017-10-30 21:29:31,572
INFO:bullet number741 has been shown.:2017-10-30 21:29:31,572
INFO:User selected Author Ray Bullet Ideas #3.  Keybinding: i.  File Name F:/Writing/Agency/Dan Ray/ray_bullet_ideas.txt by pressing i:2017-10-30 21:29:45,923
INFO:bullet number577 has been shown.:2017-10-30 21:29:45,923
INFO:User selected Author Ray Bullet Ideas #3.  Keybinding: i.  File Name F:/Writing/Agency/Dan Ray/ray_bullet_ideas.txt by pressing i:2017-10-30 21:30:15,500
INFO:bullet number295 has been shown.:2017-10-30 21:30:15,500
INFO:User selected Author Ray Bullet Ideas #3.  Keybinding: i.  File Name F:/Writing/Agency/Dan Ray/ray_bullet_ideas.txt by pressing i:2017-10-30 21:30:18,692
INFO:bullet number690 has been shown.:2017-10-30 21:30:18,692
INFO:User selected Author Ray Bullet Ideas #3.  Keybinding: i.  File Name F:/Writing/Agency/Dan Ray/ray_bullet_ideas.txt by pressing i:2017-10-30 21:30:33,707
INFO:bullet number86 has been shown.:2017-10-30 21:30:33,707
INFO:User selected Author Ray Bullet Ideas #3.  Keybinding: i.  File Name F:/Writing/Agency/Dan Ray/ray_bullet_ideas.txt by pressing i:2017-10-30 21:30:46,300
INFO:bullet number948 has been shown.:2017-10-30 21:30:46,300
INFO:User selected Author Ray Bullet Ideas #3.  Keybinding: i.  File Name F:/Writing/Agency/Dan Ray/ray_bullet_ideas.txt by pressing i:2017-10-30 21:30:54,203
INFO:bullet number588 has been shown.:2017-10-30 21:30:54,203
INFO:User selected Author Ray Bullet Ideas #3.  Keybinding: i.  File Name F:/Writing/Agency/Dan Ray/ray_bullet_ideas.txt by pressing i:2017-10-30 21:30:57,434
INFO:bullet number994 has been shown.:2017-10-30 21:30:57,434
INFO:User selected Author Ray Bullet Ideas #3.  Keybinding: i.  File Name F:/Writing/Agency/Dan Ray/ray_bullet_ideas.txt by pressing i:2017-10-30 21:31:12,730
INFO:bullet number867 has been shown.:2017-10-30 21:31:12,731
INFO:User selected Author Ray Bullet Ideas #3.  Keybinding: i.  File Name F:/Writing/Agency/Dan Ray/ray_bullet_ideas.txt by pressing i:2017-10-30 21:31:16,164
INFO:bullet number866 has been shown.:2017-10-30 21:31:16,164
INFO:User selected Author Ray Bullet Ideas #3.  Keybinding: i.  File Name F:/Writing/Agency/Dan Ray/ray_bullet_ideas.txt by pressing i:2017-10-30 21:32:15,683
INFO:bullet number217 has been shown.:2017-10-30 21:32:15,683
INFO:User selected Author Ray Bullet Ideas #3.  Keybinding: i.  File Name F:/Writing/Agency/Dan Ray/ray_bullet_ideas.txt by pressing i:2017-10-30 21:32:40,019
INFO:bullet number779 has been shown.:2017-10-30 21:32:40,020
INFO:User selected Author Ray Bullet Ideas #3.  Keybinding: i.  File Name F:/Writing/Agency/Dan Ray/ray_bullet_ideas.txt by pressing i:2017-10-30 21:32:45,891
INFO:bullet number261 has been shown.:2017-10-30 21:32:45,891
INFO:User selected Author Ray Bullet Ideas #3.  Keybinding: i.  File Name F:/Writing/Agency/Dan Ray/ray_bullet_ideas.txt by pressing i:2017-10-30 21:32:49,203
INFO:bullet number48 has been shown.:2017-10-30 21:32:49,203
INFO:User selected Author Ray Bullet Ideas #3.  Keybinding: i.  File Name F:/Writing/Agency/Dan Ray/ray_bullet_ideas.txt by pressing i:2017-10-30 21:32:54,427
INFO:bullet number360 has been shown.:2017-10-30 21:32:54,427
INFO:User selected Author Ray Bullet Ideas #3.  Keybinding: i.  File Name F:/Writing/Agency/Dan Ray/ray_bullet_ideas.txt by pressing i:2017-10-30 21:32:55,387
INFO:bullet number379 has been shown.:2017-10-30 21:32:55,387
INFO:Getting statistics for Ray Bullet Ideas:2017-10-30 21:33:00,867
INFO:User selected Author Ray Bullet Ideas #3.  Keybinding: i.  File Name F:/Writing/Agency/Dan Ray/ray_bullet_ideas.txt by pressing i:2017-10-30 21:33:09,843
INFO:bullet number698 has been shown.:2017-10-30 21:33:09,843
INFO:User selected Author Ray Bullet Ideas #3.  Keybinding: i.  File Name F:/Writing/Agency/Dan Ray/ray_bullet_ideas.txt by pressing i:2017-10-30 21:33:41,299
INFO:bullet number299 has been shown.:2017-10-30 21:33:41,299
INFO:User selected Author Ray Bullet Ideas #3.  Keybinding: i.  File Name F:/Writing/Agency/Dan Ray/ray_bullet_ideas.txt by pressing i:2017-10-30 21:35:09,498
INFO:bullet number369 has been shown.:2017-10-30 21:35:09,498
INFO:User selected Author Ray Bullet Ideas #3.  Keybinding: i.  File Name F:/Writing/Agency/Dan Ray/ray_bullet_ideas.txt by pressing i:2017-10-30 21:35:10,274
INFO:bullet number679 has been shown.:2017-10-30 21:35:10,274
INFO:User selected Author Ray Bullet Ideas #3.  Keybinding: i.  File Name F:/Writing/Agency/Dan Ray/ray_bullet_ideas.txt by pressing i:2017-10-30 21:35:13,362
INFO:bullet number81 has been shown.:2017-10-30 21:35:13,362
INFO:User selected Author Ray Bullet Ideas #3.  Keybinding: i.  File Name F:/Writing/Agency/Dan Ray/ray_bullet_ideas.txt by pressing i:2017-10-30 21:35:51,298
INFO:bullet number513 has been shown.:2017-10-30 21:35:51,299
INFO:User selected Author Ray Bullet Ideas #3.  Keybinding: i.  File Name F:/Writing/Agency/Dan Ray/ray_bullet_ideas.txt by pressing i:2017-10-30 21:35:57,578
INFO:bullet number327 has been shown.:2017-10-30 21:35:57,578
INFO:User selected Author Ray Bullet Ideas #3.  Keybinding: i.  File Name F:/Writing/Agency/Dan Ray/ray_bullet_ideas.txt by pressing i:2017-10-30 21:36:00,922
INFO:bullet number1016 has been shown.:2017-10-30 21:36:00,922
INFO:Saved pickle file to 'config.p':2017-10-30 21:36:08,601
INFO:Saved pickle file to 'config.p':2017-10-30 21:45:41,614
INFO:Opened pickle config file from 'config.p':2017-11-02 20:41:37,832
INFO:all_authors now equals: ['Zergnet', 'Bob Bly', 'Gary Bencievenga', 'Gary Halbert', 'John Carlton', 'Dan Ray Bombs', 'Ray Bullet Ideas', 'Ben Settle', 'Clayton Makepeace', 'Alex Carroll']:2017-11-02 20:41:37,964
INFO:Saved pickle file to 'config.p':2017-11-02 20:41:50,549
INFO:Opened pickle config file from 'config.p':2017-11-11 03:50:51,380
INFO:all_authors now equals: ['Zergnet', 'Bob Bly', 'Gary Bencievenga', 'Gary Halbert', 'John Carlton', 'Dan Ray Bombs', 'Ray Bullet Ideas', 'Ben Settle', 'Clayton Makepeace', 'Alex Carroll']:2017-11-11 03:50:51,407
INFO:User selected Author Alex Carroll #3.  Keybinding: ac.  File Name F:/Writing/Copywork/Bullet Swipe File/alex_carroll_bullets.txt by pressing ac:2017-11-11 03:50:56,992
INFO:bullet number1 has been shown.:2017-11-11 03:50:56,992
INFO:User selected Author Alex Carroll #3.  Keybinding: ac.  File Name F:/Writing/Copywork/Bullet Swipe File/alex_carroll_bullets.txt by pressing ac:2017-11-11 03:50:57,904
INFO:bullet number17 has been shown.:2017-11-11 03:50:57,904
INFO:User selected Author Alex Carroll #3.  Keybinding: ac.  File Name F:/Writing/Copywork/Bullet Swipe File/alex_carroll_bullets.txt by pressing ac:2017-11-11 03:50:59,753
INFO:bullet number27 has been shown.:2017-11-11 03:50:59,753
INFO:User selected Author Alex Carroll #3.  Keybinding: ac.  File Name F:/Writing/Copywork/Bullet Swipe File/alex_carroll_bullets.txt by pressing ac:2017-11-11 03:51:01,624
INFO:bullet number8 has been shown.:2017-11-11 03:51:01,624
INFO:User selected Author Alex Carroll #3.  Keybinding: ac.  File Name F:/Writing/Copywork/Bullet Swipe File/alex_carroll_bullets.txt by pressing ac:2017-11-11 03:51:02,584
INFO:bullet number27 has been shown.:2017-11-11 03:51:02,584
INFO:Opened file: F:/For Dan Ray/dans_website/best_of_q_a_ideas.txt:2017-11-11 03:52:11,024
INFO:Created an author object named , from file: F:/For Dan Ray/dans_website/best_of_q_a_ideas.txt,                         with keybindingw  :2017-11-11 03:52:39,433
INFO:These many authors now exist: 11 :2017-11-11 03:52:39,433
INFO:Called file_to_lists():2017-11-11 03:52:39,433
INFO:Added 1 bullets to bulletlist:2017-11-11 03:52:39,434
INFO:Added 2 bullets to bulletlist:2017-11-11 03:52:39,434
INFO:Added 3 bullets to bulletlist:2017-11-11 03:52:39,434
INFO:Added 4 bullets to bulletlist:2017-11-11 03:52:39,434
INFO:Added 5 bullets to bulletlist:2017-11-11 03:52:39,434
INFO:Added 6 bullets to bulletlist:2017-11-11 03:52:39,434
INFO:Added 7 bullets to bulletlist:2017-11-11 03:52:39,434
INFO:Added 8 bullets to bulletlist:2017-11-11 03:52:39,434
INFO:Added 9 bullets to bulletlist:2017-11-11 03:52:39,434
INFO:Added 10 bullets to bulletlist:2017-11-11 03:52:39,434
INFO:Added 11 bullets to bulletlist:2017-11-11 03:52:39,434
INFO:Added 12 bullets to bulletlist:2017-11-11 03:52:39,434
INFO:Added 13 bullets to bulletlist:2017-11-11 03:52:39,434
INFO:Added 14 bullets to bulletlist:2017-11-11 03:52:39,434
INFO:Added 15 bullets to bulletlist:2017-11-11 03:52:39,435
INFO:Added 16 bullets to bulletlist:2017-11-11 03:52:39,435
INFO:Added 17 bullets to bulletlist:2017-11-11 03:52:39,435
INFO:Added 18 bullets to bulletlist:2017-11-11 03:52:39,435
INFO:Added 19 bullets to bulletlist:2017-11-11 03:52:39,435
INFO:Added 20 bullets to bulletlist:2017-11-11 03:52:39,435
INFO:Added 21 bullets to bulletlist:2017-11-11 03:52:39,435
INFO:Added 22 bullets to bulletlist:2017-11-11 03:52:39,435
INFO:Added 23 bullets to bulletlist:2017-11-11 03:52:39,435
INFO:Added 24 bullets to bulletlist:2017-11-11 03:52:39,435
INFO:Added 25 bullets to bulletlist:2017-11-11 03:52:39,435
INFO:Added 26 bullets to bulletlist:2017-11-11 03:52:39,435
INFO:Added 27 bullets to bulletlist:2017-11-11 03:52:39,435
INFO:Added 28 bullets to bulletlist:2017-11-11 03:52:39,435
INFO:Added 29 bullets to bulletlist:2017-11-11 03:52:39,435
INFO:Added 30 bullets to bulletlist:2017-11-11 03:52:39,435
INFO:Added 31 bullets to bulletlist:2017-11-11 03:52:39,435
INFO:Added 32 bullets to bulletlist:2017-11-11 03:52:39,435
INFO:Added 33 bullets to bulletlist:2017-11-11 03:52:39,435
INFO:Added 34 bullets to bulletlist:2017-11-11 03:52:39,436
INFO:Added 35 bullets to bulletlist:2017-11-11 03:52:39,436
INFO:Added 36 bullets to bulletlist:2017-11-11 03:52:39,436
INFO:Added 37 bullets to bulletlist:2017-11-11 03:52:39,436
INFO:Added 38 bullets to bulletlist:2017-11-11 03:52:39,436
INFO:Added 39 bullets to bulletlist:2017-11-11 03:52:39,436
INFO:Added 40 bullets to bulletlist:2017-11-11 03:52:39,436
INFO:Added 41 bullets to bulletlist:2017-11-11 03:52:39,436
INFO:Added 42 bullets to bulletlist:2017-11-11 03:52:39,436
INFO:Added 43 bullets to bulletlist:2017-11-11 03:52:39,436
INFO:Added 44 bullets to bulletlist:2017-11-11 03:52:39,436
INFO:Added 45 bullets to bulletlist:2017-11-11 03:52:39,436
INFO:Added 46 bullets to bulletlist:2017-11-11 03:52:39,436
INFO:Added 47 bullets to bulletlist:2017-11-11 03:52:39,436
INFO:Added 48 bullets to bulletlist:2017-11-11 03:52:39,436
INFO:Added 49 bullets to bulletlist:2017-11-11 03:52:39,436
INFO:Added 50 bullets to bulletlist:2017-11-11 03:52:39,436
INFO:Added 51 bullets to bulletlist:2017-11-11 03:52:39,436
INFO:Added 52 bullets to bulletlist:2017-11-11 03:52:39,436
INFO:Added 53 bullets to bulletlist:2017-11-11 03:52:39,436
INFO:Added 54 bullets to bulletlist:2017-11-11 03:52:39,437
INFO:Added 55 bullets to bulletlist:2017-11-11 03:52:39,437
INFO:Added 56 bullets to bulletlist:2017-11-11 03:52:39,437
INFO:Added 57 bullets to bulletlist:2017-11-11 03:52:39,437
INFO:Added 58 bullets to bulletlist:2017-11-11 03:52:39,437
INFO:Added 59 bullets to bulletlist:2017-11-11 03:52:39,437
INFO:Added 60 bullets to bulletlist:2017-11-11 03:52:39,437
INFO:User selected Author  #1.  Keybinding: w.  File Name F:/For Dan Ray/dans_website/best_of_q_a_ideas.txt by pressing w:2017-11-11 03:52:41,025
INFO:bullet number45 has been shown.:2017-11-11 03:52:41,025
INFO:RATING_MODE_TOGGLE now set to: :2017-11-11 03:52:43,594
INFO:User selected Author  #1.  Keybinding: w.  File Name F:/For Dan Ray/dans_website/best_of_q_a_ideas.txt by pressing w:2017-11-11 03:52:52,712
INFO:bullet number43 has been shown.:2017-11-11 03:52:52,712
INFO:Rate me called.:2017-11-11 03:52:52,713
INFO:user_input is a rating of:1:2017-11-11 03:54:14,065
INFO:Saved pickle file to 'config.p':2017-11-11 04:09:10,524
